2023-02-24 01:14:19.934 [info] Extension host with pid 34932 started
2023-02-24 01:14:19.953 [info] ExtensionService#_doActivateExtension vscode.emmet, startup: false, activationEvent: 'onLanguage'
2023-02-24 01:14:20.293 [info] ExtensionService#_doActivateExtension vscode.git-base, startup: true, activationEvent: '*', root cause: vscode.git
2023-02-24 01:14:20.911 [info] ExtensionService#_doActivateExtension Akashsharma01.code-tester, startup: true, activationEvent: '*'
2023-02-24 01:14:25.715 [info] ExtensionService#_doActivateExtension DivyanshuAgrawal.competitive-programming-helper, startup: true, activationEvent: '*'
2023-02-24 01:14:25.924 [info] ExtensionService#_doActivateExtension ecmel.vscode-html-css, startup: true, activationEvent: '*'
2023-02-24 01:14:26.338 [info] ExtensionService#_doActivateExtension formulahendry.auto-close-tag, startup: true, activationEvent: '*'
2023-02-24 01:14:26.457 [info] ExtensionService#_doActivateExtension johnpapa.vscode-peacock, startup: true, activationEvent: '*'
2023-02-24 01:14:26.642 [info] ExtensionService#_doActivateExtension km.competitive-coding-helper, startup: true, activationEvent: '*'
2023-02-24 01:14:26.696 [info] ExtensionService#_doActivateExtension mhutchie.git-graph, startup: true, activationEvent: '*'
2023-02-24 01:14:29.490 [info] ExtensionService#_doActivateExtension oderwat.indent-rainbow, startup: true, activationEvent: '*'
2023-02-24 01:14:29.737 [info] ExtensionService#_doActivateExtension Zignd.html-css-class-completion, startup: true, activationEvent: '*'
2023-02-24 01:14:30.285 [error] Activating extension km.competitive-coding-helper failed due to an error:
2023-02-24 01:14:30.285 [error] Error: command 'cph.runTestCases' already exists
    at s.registerCommand (/opt/visual-studio-code/resources/app/out/vs/workbench/api/node/extensionHostProcess.js:96:106489)
    at Object.registerCommand (/opt/visual-studio-code/resources/app/out/vs/workbench/api/node/extensionHostProcess.js:117:29961)
    at /home/karan/.vscode/extensions/km.competitive-coding-helper-6.0.3/dist/extension.js:1:4838
    at t.activate (/home/karan/.vscode/extensions/km.competitive-coding-helper-6.0.3/dist/extension.js:1:5430)
    at Function.db (/opt/visual-studio-code/resources/app/out/vs/workbench/api/node/extensionHostProcess.js:108:14818)
    at Function.cb (/opt/visual-studio-code/resources/app/out/vs/workbench/api/node/extensionHostProcess.js:108:14519)
    at /opt/visual-studio-code/resources/app/out/vs/workbench/api/node/extensionHostProcess.js:108:12519
    at f.n (/opt/visual-studio-code/resources/app/out/vs/workbench/api/node/extensionHostProcess.js:94:6818)
    at f.m (/opt/visual-studio-code/resources/app/out/vs/workbench/api/node/extensionHostProcess.js:94:6781)
    at f.l (/opt/visual-studio-code/resources/app/out/vs/workbench/api/node/extensionHostProcess.js:94:6238)
2023-02-24 01:14:30.340 [info] ExtensionService#_doActivateExtension vscode.git, startup: true, activationEvent: '*'
2023-02-24 01:14:30.811 [info] ExtensionService#_doActivateExtension vscode.github, startup: true, activationEvent: '*'
2023-02-24 01:14:30.942 [info] ExtensionService#_doActivateExtension vscode.github-authentication, startup: false, activationEvent: 'onAuthenticationRequest:github'
2023-02-24 01:14:32.592 [info] ExtensionService#_doActivateExtension vscode.debug-auto-launch, startup: false, activationEvent: 'onStartupFinished'
2023-02-24 01:14:32.724 [info] ExtensionService#_doActivateExtension vscode.merge-conflict, startup: false, activationEvent: 'onStartupFinished'
2023-02-24 01:14:32.944 [info] ExtensionService#_doActivateExtension dsznajder.es7-react-js-snippets, startup: false, activationEvent: 'onStartupFinished'
