2023-02-24 13:42:44.620 [info] Log level: Info
2023-02-24 13:42:44.620 [info] Validating found git in: "git"
2023-02-24 13:42:44.620 [info] Using git "2.39.2" from "git"
2023-02-24 13:43:05.693 [info] Log level: Info
2023-02-24 13:43:05.693 [info] Validating found git in: "git"
2023-02-24 13:43:05.693 [info] Using git "2.39.2" from "git"
2023-02-24 13:43:05.693 [info] > git rev-parse --show-toplevel [12ms]
2023-02-24 13:43:05.693 [info] > git rev-parse --show-toplevel [30ms]
2023-02-24 13:43:05.834 [info] > git rev-parse --show-toplevel [141ms]
2023-02-24 13:43:05.857 [info] > git rev-parse --git-dir --git-common-dir [12ms]
2023-02-24 13:43:05.872 [info] Open repository: /home/karan/waste/sttScripts/18_The_Dynamic_Trio
2023-02-24 13:43:05.902 [info] > git config --get commit.template [9ms]
2023-02-24 13:43:05.915 [info] No remotes found in the git config file.
2023-02-24 13:43:06.084 [info] > git rev-parse --show-toplevel [200ms]
2023-02-24 13:43:06.093 [info] > git rev-parse --git-dir --git-common-dir [2ms]
2023-02-24 13:43:06.097 [info] Open repository: /home/karan/waste/sttScripts/class3
2023-02-24 13:43:06.112 [info] > git rev-parse --show-toplevel [9ms]
2023-02-24 13:43:06.126 [info] > git config --get commit.template [13ms]
2023-02-24 13:43:06.129 [info] > git rev-parse --git-dir --git-common-dir [5ms]
2023-02-24 13:43:06.135 [info] Open repository: /home/karan/waste/sttScripts/trial
2023-02-24 13:43:06.161 [info] No remotes found in the git config file.
2023-02-24 13:43:06.169 [info] > git rev-parse --show-toplevel [23ms]
2023-02-24 13:43:06.185 [info] > git rev-parse --show-toplevel [5ms]
2023-02-24 13:43:06.193 [info] > git config --get commit.template [25ms]
2023-02-24 13:43:06.194 [info] > git for-each-ref --format=%(refname)%00%(upstream:short)%00%(objectname)%00%(upstream:track)%00%(upstream:remotename)%00%(upstream:remoteref) refs/heads/master refs/remotes/master [279ms]
2023-02-24 13:43:06.225 [info] > git rev-parse --show-toplevel [32ms]
2023-02-24 13:43:06.248 [info] No remotes found in the git config file.
2023-02-24 13:43:06.249 [info] > git rev-parse --show-toplevel [12ms]
2023-02-24 13:43:06.258 [info] > git for-each-ref --format=%(refname)%00%(upstream:short)%00%(objectname)%00%(upstream:track)%00%(upstream:remotename)%00%(upstream:remoteref) refs/heads/master refs/remotes/master [11ms]
2023-02-24 13:43:06.282 [info] > git status -z -uall [13ms]
2023-02-24 13:43:06.283 [info] > git rev-parse --show-toplevel [26ms]
2023-02-24 13:43:06.284 [info] > git for-each-ref --sort -committerdate --format %(refname) %(objectname) %(*objectname) [3ms]
2023-02-24 13:43:06.309 [info] No remotes found in the git config file.
2023-02-24 13:43:06.310 [info] > git for-each-ref --format=%(refname)%00%(upstream:short)%00%(objectname)%00%(upstream:track)%00%(upstream:remotename)%00%(upstream:remoteref) refs/heads/master refs/remotes/master [150ms]
2023-02-24 13:43:06.332 [info] > git config --get commit.template [33ms]
2023-02-24 13:43:06.333 [info] > git for-each-ref --format=%(refname)%00%(upstream:short)%00%(objectname)%00%(upstream:track)%00%(upstream:remotename)%00%(upstream:remoteref) refs/heads/master refs/remotes/master [24ms]
2023-02-24 13:43:06.351 [info] > git status -z -uall [11ms]
2023-02-24 13:43:06.382 [info] > git for-each-ref --sort -committerdate --format %(refname) %(objectname) %(*objectname) [32ms]
2023-02-24 13:43:06.388 [info] > git rev-parse --show-toplevel [17ms]
2023-02-24 13:43:06.617 [info] > git for-each-ref --sort -committerdate --format %(refname) %(objectname) %(*objectname) [400ms]
2023-02-24 13:43:06.713 [info] > git for-each-ref --sort -committerdate --format %(refname) %(objectname) %(*objectname) [382ms]
2023-02-24 13:43:06.715 [info] > git check-ignore -v -z --stdin [3ms]
2023-02-24 13:43:06.735 [info] > git status -z -uall [529ms]
2023-02-24 13:43:06.735 [info] > git check-ignore -v -z --stdin [41ms]
2023-02-24 13:43:06.735 [info] > git check-ignore -v -z --stdin [32ms]
2023-02-24 13:43:06.749 [info] > git config --get commit.template [1ms]
2023-02-24 13:43:06.756 [info] No remotes found in the git config file.
2023-02-24 13:43:06.757 [info] > git for-each-ref --format=%(refname)%00%(upstream:short)%00%(objectname)%00%(upstream:track)%00%(upstream:remotename)%00%(upstream:remoteref) refs/heads/master refs/remotes/master [1ms]
2023-02-24 13:43:06.770 [info] > git status -z -uall [7ms]
2023-02-24 13:43:06.771 [info] > git for-each-ref --sort -committerdate --format %(refname) %(objectname) %(*objectname) [1ms]
2023-02-24 13:43:06.781 [info] > git status -z -uall [461ms]
2023-02-24 13:43:06.793 [info] > git config --get commit.template [2ms]
2023-02-24 13:43:06.801 [info] No remotes found in the git config file.
2023-02-24 13:43:06.802 [info] > git for-each-ref --format=%(refname)%00%(upstream:short)%00%(objectname)%00%(upstream:track)%00%(upstream:remotename)%00%(upstream:remoteref) refs/heads/master refs/remotes/master [2ms]
2023-02-24 13:43:06.815 [info] > git status -z -uall [8ms]
2023-02-24 13:43:06.816 [info] > git for-each-ref --sort -committerdate --format %(refname) %(objectname) %(*objectname) [1ms]
2023-02-24 13:43:08.218 [info] > git rev-parse --show-toplevel [19ms]
2023-02-24 13:43:15.920 [info] > git rev-parse --show-toplevel [1ms]
2023-02-24 13:43:31.489 [info] > git rev-parse --show-toplevel [1ms]
2023-02-24 13:43:33.844 [info] > git rev-parse --show-toplevel [2ms]
2023-02-24 13:43:35.142 [info] > git rev-parse --show-toplevel [2ms]
2023-02-24 13:43:36.484 [info] > git rev-parse --show-toplevel [2ms]
2023-02-24 13:43:37.378 [info] > git rev-parse --show-toplevel [1ms]
2023-02-24 13:43:39.216 [info] > git rev-parse --show-toplevel [1ms]
2023-02-24 13:43:40.127 [info] > git rev-parse --show-toplevel [1ms]
2023-02-24 13:43:48.809 [info] > git rev-parse --show-toplevel [3ms]
2023-02-24 13:43:53.262 [info] > git rev-parse --show-toplevel [1ms]
2023-02-24 13:47:09.178 [info] > git rev-parse --show-toplevel [1ms]
2023-02-24 14:38:53.548 [info] > git rev-parse --show-toplevel [1ms]
2023-02-24 14:39:02.321 [info] > git rev-parse --show-toplevel [1ms]
2023-02-24 14:40:17.879 [info] > git rev-parse --show-toplevel [1ms]
2023-02-24 14:40:19.432 [info] > git rev-parse --show-toplevel [1ms]
2023-02-24 14:41:41.098 [info] > git rev-parse --show-toplevel [1ms]
2023-02-24 14:41:43.650 [info] > git rev-parse --show-toplevel [1ms]
2023-02-24 14:41:45.735 [info] > git rev-parse --show-toplevel [2ms]
2023-02-24 14:42:01.642 [info] > git rev-parse --show-toplevel [1ms]
2023-02-24 14:43:01.965 [info] > git rev-parse --show-toplevel [0ms]
2023-02-24 14:43:12.294 [info] > git rev-parse --show-toplevel [2ms]
2023-02-24 14:44:49.988 [info] > git rev-parse --show-toplevel [0ms]
2023-02-24 16:08:27.260 [info] > git rev-parse --show-toplevel [4ms]
2023-02-24 16:08:27.272 [info] > git rev-parse --git-dir --git-common-dir [2ms]
2023-02-24 16:08:27.284 [info] Open repository: /home/karan/waste/sttScripts/tiral1
2023-02-24 16:08:27.303 [info] No remotes found in the git config file.
2023-02-24 16:08:27.305 [info] > git config --get commit.template [11ms]
2023-02-24 16:08:27.306 [info] > git for-each-ref --format=%(refname)%00%(upstream:short)%00%(objectname)%00%(upstream:track)%00%(upstream:remotename)%00%(upstream:remoteref) refs/heads/master refs/remotes/master [4ms]
2023-02-24 16:08:27.327 [info] > git status -z -uall [10ms]
2023-02-24 16:08:27.329 [info] > git for-each-ref --sort -committerdate --format %(refname) %(objectname) %(*objectname) [3ms]
2023-02-24 16:08:27.358 [info] > git config --get commit.template [5ms]
2023-02-24 16:08:27.368 [info] No remotes found in the git config file.
2023-02-24 16:08:27.370 [info] > git for-each-ref --format=%(refname)%00%(upstream:short)%00%(objectname)%00%(upstream:track)%00%(upstream:remotename)%00%(upstream:remoteref) refs/heads/master refs/remotes/master [2ms]
2023-02-24 16:08:27.394 [info] > git status -z -uall [13ms]
2023-02-24 16:08:27.395 [info] > git for-each-ref --sort -committerdate --format %(refname) %(objectname) %(*objectname) [3ms]
2023-02-24 16:08:27.768 [info] > git rev-parse --show-toplevel [1ms]
2023-02-24 16:08:27.893 [info] > git check-ignore -v -z --stdin [28ms]
2023-02-24 16:08:27.894 [info] > git check-ignore -v -z --stdin [20ms]
2023-02-24 16:08:27.895 [info] > git check-ignore -v -z --stdin [14ms]
2023-02-24 16:08:27.895 [info] > git check-ignore -v -z --stdin [6ms]
2023-02-24 16:58:43.658 [info] No remotes found in the git config file.
2023-02-24 16:58:43.659 [info] > git for-each-ref --format=%(refname)%00%(upstream:short)%00%(objectname)%00%(upstream:track)%00%(upstream:remotename)%00%(upstream:remoteref) refs/heads/master refs/remotes/master [2ms]
2023-02-24 16:58:43.706 [info] > git config --get commit.template [83ms]
2023-02-24 16:58:43.723 [info] > git config --get commit.template [88ms]
2023-02-24 16:58:43.744 [info] > git status -z -uall [11ms]
2023-02-24 16:58:43.753 [info] > git for-each-ref --format=%(refname)%00%(upstream:short)%00%(objectname)%00%(upstream:track)%00%(upstream:remotename)%00%(upstream:remoteref) refs/heads/12140860 refs/remotes/12140860 [103ms]
2023-02-24 16:58:43.784 [info] > git for-each-ref --sort -committerdate --format %(refname) %(objectname) %(*objectname) [41ms]
2023-02-24 16:58:43.818 [info] > git status -z -uall [59ms]
2023-02-24 16:58:43.818 [info] > git for-each-ref --sort -committerdate --format %(refname) %(objectname) %(*objectname) [44ms]
2023-02-24 16:58:53.838 [info] > git config --get commit.template [2ms]
2023-02-24 16:58:53.838 [info] > git config --get commit.template [17ms]
2023-02-24 16:58:53.846 [info] No remotes found in the git config file.
2023-02-24 16:58:53.856 [info] > git for-each-ref --format=%(refname)%00%(upstream:short)%00%(objectname)%00%(upstream:track)%00%(upstream:remotename)%00%(upstream:remoteref) refs/heads/12140860 refs/remotes/12140860 [1ms]
2023-02-24 16:58:53.873 [info] > git for-each-ref --format=%(refname)%00%(upstream:short)%00%(objectname)%00%(upstream:track)%00%(upstream:remotename)%00%(upstream:remoteref) refs/heads/master refs/remotes/master [28ms]
2023-02-24 16:58:53.891 [info] > git status -z -uall [28ms]
2023-02-24 16:58:53.891 [info] > git status -z -uall [11ms]
2023-02-24 16:58:53.891 [info] > git for-each-ref --sort -committerdate --format %(refname) %(objectname) %(*objectname) [19ms]
2023-02-24 16:58:53.893 [info] > git for-each-ref --sort -committerdate --format %(refname) %(objectname) %(*objectname) [4ms]
