2023-02-24 13:46:05.728 [warning] Via 'product.json#extensionEnabledApiProposals' extension 'github.vscode-pull-request-github' wants API proposal 'commentsResolvedState' but that proposal DOES NOT EXIST. Likely, the proposal has been finalized (check 'vscode.d.ts') or was abandoned.
2023-02-24 13:46:06.303 [warning] [km.competitive-coding-helper]: Cannot register 'cph.general.saveLocation'. This property is already registered.
2023-02-24 13:46:06.308 [warning] [km.competitive-coding-helper]: Cannot register 'cph.general.timeOut'. This property is already registered.
2023-02-24 13:46:06.309 [warning] [km.competitive-coding-helper]: Cannot register 'cph.general.ignoreSTDERROR'. This property is already registered.
2023-02-24 13:46:06.309 [warning] [km.competitive-coding-helper]: Cannot register 'cph.language.c.Args'. This property is already registered.
2023-02-24 13:46:06.309 [warning] [km.competitive-coding-helper]: Cannot register 'cph.language.c.SubmissionCompiler'. This property is already registered.
2023-02-24 13:46:06.310 [warning] [km.competitive-coding-helper]: Cannot register 'cph.language.c.Command'. This property is already registered.
2023-02-24 13:46:06.310 [warning] [km.competitive-coding-helper]: Cannot register 'cph.language.cpp.Args'. This property is already registered.
2023-02-24 13:46:06.311 [warning] [km.competitive-coding-helper]: Cannot register 'cph.language.cpp.SubmissionCompiler'. This property is already registered.
2023-02-24 13:46:06.311 [warning] [km.competitive-coding-helper]: Cannot register 'cph.language.cpp.Command'. This property is already registered.
2023-02-24 13:46:06.311 [warning] [km.competitive-coding-helper]: Cannot register 'cph.language.python.Args'. This property is already registered.
2023-02-24 13:46:06.312 [warning] [km.competitive-coding-helper]: Cannot register 'cph.language.python.SubmissionCompiler'. This property is already registered.
2023-02-24 13:46:06.312 [warning] [km.competitive-coding-helper]: Cannot register 'cph.language.python.Command'. This property is already registered.
2023-02-24 13:46:06.312 [warning] [km.competitive-coding-helper]: Cannot register 'cph.language.rust.Args'. This property is already registered.
2023-02-24 13:46:06.313 [warning] [km.competitive-coding-helper]: Cannot register 'cph.language.rust.SubmissionCompiler'. This property is already registered.
2023-02-24 13:46:06.314 [warning] [km.competitive-coding-helper]: Cannot register 'cph.language.rust.Command'. This property is already registered.
2023-02-24 13:46:06.314 [warning] [km.competitive-coding-helper]: Cannot register 'cph.language.java.Args'. This property is already registered.
2023-02-24 13:46:06.314 [warning] [km.competitive-coding-helper]: Cannot register 'cph.language.java.SubmissionCompiler'. This property is already registered.
2023-02-24 13:46:06.314 [warning] [km.competitive-coding-helper]: Cannot register 'cph.language.java.Command'. This property is already registered.
2023-02-24 13:46:06.315 [warning] [km.competitive-coding-helper]: Cannot register 'cph.general.firstTime'. This property is already registered.
2023-02-24 13:46:06.315 [warning] [km.competitive-coding-helper]: Cannot register 'cph.general.defaultLanguage'. This property is already registered.
2023-02-24 13:46:06.315 [warning] [km.competitive-coding-helper]: Cannot register 'cph.general.menuChoices'. This property is already registered.
2023-02-24 13:46:06.315 [warning] [km.competitive-coding-helper]: Cannot register 'cph.general.useShortCodeForcesName'. This property is already registered.
2023-02-24 13:46:06.316 [warning] [km.competitive-coding-helper]: Cannot register 'cph.general.retainWebviewContext'. This property is already registered.
2023-02-24 13:46:06.316 [warning] [km.competitive-coding-helper]: Cannot register 'cph.general.defaultLanguageTemplateFileLocation'. This property is already registered.
2023-02-24 13:46:06.316 [warning] [km.competitive-coding-helper]: Cannot register 'cph.general.autoShowJudge'. This property is already registered.
2023-02-24 13:46:06.379 [info] [km.competitive-coding-helper]: Command `cph.runTestCases` appears multiple times in the `commands` section.
2023-02-24 13:46:06.381 [info] [km.competitive-coding-helper]: Command `cph.submitToCodeForces` appears multiple times in the `commands` section.
2023-02-24 13:46:06.465 [error] [km.competitive-coding-helper]: Cannot register multiple views with same id `cph.judgeView`
2023-02-24 13:46:07.143 [error] [sidthesloth.html5-boilerplate]: Unknown language in `contributes.html5-boilerplate.language`. Provided value: njk
2023-02-24 13:46:07.143 [error] [sidthesloth.html5-boilerplate]: Unknown language in `contributes.html5-boilerplate.language`. Provided value: django-html
2023-02-24 13:46:08.004 [error] [Extension Host] Failed to load message bundle for file /home/karan/.vscode/extensions/ms-edgedevtools.vscode-edge-devtools-2.1.1/out/extension
2023-02-24 13:46:08.005 [error] [Extension Host] Failed to load message bundle for file /home/karan/.vscode/extensions/ms-edgedevtools.vscode-edge-devtools-2.1.1/out/extension
2023-02-24 13:46:08.006 [error] [Extension Host] Failed to load message bundle for file /home/karan/.vscode/extensions/ms-edgedevtools.vscode-edge-devtools-2.1.1/out/extension
2023-02-24 13:46:08.006 [error] [Extension Host] Failed to load message bundle for file /home/karan/.vscode/extensions/ms-edgedevtools.vscode-edge-devtools-2.1.1/out/extension
2023-02-24 13:46:08.007 [error] [Extension Host] Failed to load message bundle for file /home/karan/.vscode/extensions/ms-edgedevtools.vscode-edge-devtools-2.1.1/out/extension
2023-02-24 13:46:08.007 [error] [Extension Host] Failed to load message bundle for file /home/karan/.vscode/extensions/ms-edgedevtools.vscode-edge-devtools-2.1.1/out/extension
2023-02-24 13:46:08.008 [error] [Extension Host] Failed to load message bundle for file /home/karan/.vscode/extensions/ms-edgedevtools.vscode-edge-devtools-2.1.1/out/extension
2023-02-24 13:46:08.008 [error] [Extension Host] Failed to load message bundle for file /home/karan/.vscode/extensions/ms-edgedevtools.vscode-edge-devtools-2.1.1/out/extension
2023-02-24 13:46:08.910 [info] [perf] Render performance baseline is 49ms
2023-02-24 13:46:30.412 [warning] Via 'product.json#extensionEnabledApiProposals' extension 'github.vscode-pull-request-github' wants API proposal 'commentsResolvedState' but that proposal DOES NOT EXIST. Likely, the proposal has been finalized (check 'vscode.d.ts') or was abandoned.
2023-02-24 13:46:30.714 [warning] [km.competitive-coding-helper]: Cannot register 'cph.general.saveLocation'. This property is already registered.
2023-02-24 13:46:30.714 [warning] [km.competitive-coding-helper]: Cannot register 'cph.general.timeOut'. This property is already registered.
2023-02-24 13:46:30.715 [warning] [km.competitive-coding-helper]: Cannot register 'cph.general.ignoreSTDERROR'. This property is already registered.
2023-02-24 13:46:30.715 [warning] [km.competitive-coding-helper]: Cannot register 'cph.language.c.Args'. This property is already registered.
2023-02-24 13:46:30.715 [warning] [km.competitive-coding-helper]: Cannot register 'cph.language.c.SubmissionCompiler'. This property is already registered.
2023-02-24 13:46:30.715 [warning] [km.competitive-coding-helper]: Cannot register 'cph.language.c.Command'. This property is already registered.
2023-02-24 13:46:30.715 [warning] [km.competitive-coding-helper]: Cannot register 'cph.language.cpp.Args'. This property is already registered.
2023-02-24 13:46:30.717 [warning] [km.competitive-coding-helper]: Cannot register 'cph.language.cpp.SubmissionCompiler'. This property is already registered.
2023-02-24 13:46:30.717 [warning] [km.competitive-coding-helper]: Cannot register 'cph.language.cpp.Command'. This property is already registered.
2023-02-24 13:46:30.717 [warning] [km.competitive-coding-helper]: Cannot register 'cph.language.python.Args'. This property is already registered.
2023-02-24 13:46:30.718 [warning] [km.competitive-coding-helper]: Cannot register 'cph.language.python.SubmissionCompiler'. This property is already registered.
2023-02-24 13:46:30.718 [warning] [km.competitive-coding-helper]: Cannot register 'cph.language.python.Command'. This property is already registered.
2023-02-24 13:46:30.718 [warning] [km.competitive-coding-helper]: Cannot register 'cph.language.rust.Args'. This property is already registered.
2023-02-24 13:46:30.718 [warning] [km.competitive-coding-helper]: Cannot register 'cph.language.rust.SubmissionCompiler'. This property is already registered.
2023-02-24 13:46:30.718 [warning] [km.competitive-coding-helper]: Cannot register 'cph.language.rust.Command'. This property is already registered.
2023-02-24 13:46:30.718 [warning] [km.competitive-coding-helper]: Cannot register 'cph.language.java.Args'. This property is already registered.
2023-02-24 13:46:30.719 [warning] [km.competitive-coding-helper]: Cannot register 'cph.language.java.SubmissionCompiler'. This property is already registered.
2023-02-24 13:46:30.719 [warning] [km.competitive-coding-helper]: Cannot register 'cph.language.java.Command'. This property is already registered.
2023-02-24 13:46:30.719 [warning] [km.competitive-coding-helper]: Cannot register 'cph.general.firstTime'. This property is already registered.
2023-02-24 13:46:30.719 [warning] [km.competitive-coding-helper]: Cannot register 'cph.general.defaultLanguage'. This property is already registered.
2023-02-24 13:46:30.719 [warning] [km.competitive-coding-helper]: Cannot register 'cph.general.menuChoices'. This property is already registered.
2023-02-24 13:46:30.719 [warning] [km.competitive-coding-helper]: Cannot register 'cph.general.useShortCodeForcesName'. This property is already registered.
2023-02-24 13:46:30.720 [warning] [km.competitive-coding-helper]: Cannot register 'cph.general.retainWebviewContext'. This property is already registered.
2023-02-24 13:46:30.720 [warning] [km.competitive-coding-helper]: Cannot register 'cph.general.defaultLanguageTemplateFileLocation'. This property is already registered.
2023-02-24 13:46:30.720 [warning] [km.competitive-coding-helper]: Cannot register 'cph.general.autoShowJudge'. This property is already registered.
2023-02-24 13:46:30.757 [info] [km.competitive-coding-helper]: Command `cph.runTestCases` appears multiple times in the `commands` section.
2023-02-24 13:46:30.758 [info] [km.competitive-coding-helper]: Command `cph.submitToCodeForces` appears multiple times in the `commands` section.
2023-02-24 13:46:30.799 [error] [km.competitive-coding-helper]: Cannot register multiple views with same id `cph.judgeView`
2023-02-24 13:46:31.235 [error] [sidthesloth.html5-boilerplate]: Unknown language in `contributes.html5-boilerplate.language`. Provided value: njk
2023-02-24 13:46:31.236 [error] [sidthesloth.html5-boilerplate]: Unknown language in `contributes.html5-boilerplate.language`. Provided value: django-html
2023-02-24 13:46:32.492 [error] [Extension Host] Failed to load message bundle for file /home/karan/.vscode/extensions/ms-edgedevtools.vscode-edge-devtools-2.1.1/out/extension
2023-02-24 13:46:32.492 [error] [Extension Host] Failed to load message bundle for file /home/karan/.vscode/extensions/ms-edgedevtools.vscode-edge-devtools-2.1.1/out/extension
2023-02-24 13:46:32.494 [error] [Extension Host] Failed to load message bundle for file /home/karan/.vscode/extensions/ms-edgedevtools.vscode-edge-devtools-2.1.1/out/extension
2023-02-24 13:46:32.494 [error] [Extension Host] Failed to load message bundle for file /home/karan/.vscode/extensions/ms-edgedevtools.vscode-edge-devtools-2.1.1/out/extension
2023-02-24 13:46:32.494 [error] [Extension Host] Failed to load message bundle for file /home/karan/.vscode/extensions/ms-edgedevtools.vscode-edge-devtools-2.1.1/out/extension
2023-02-24 13:46:32.494 [error] [Extension Host] Failed to load message bundle for file /home/karan/.vscode/extensions/ms-edgedevtools.vscode-edge-devtools-2.1.1/out/extension
2023-02-24 13:46:32.495 [error] [Extension Host] Failed to load message bundle for file /home/karan/.vscode/extensions/ms-edgedevtools.vscode-edge-devtools-2.1.1/out/extension
2023-02-24 13:46:32.495 [error] [Extension Host] Failed to load message bundle for file /home/karan/.vscode/extensions/ms-edgedevtools.vscode-edge-devtools-2.1.1/out/extension
2023-02-24 13:46:33.438 [info] [perf] Render performance baseline is 72ms
