2023-02-24 01:14:08.947 [info] Added views:workbench.panel.markers.view in workbench.panel.markers
2023-02-24 01:14:08.947 [info] Added views:workbench.panel.output in workbench.panel.output
2023-02-24 01:14:08.947 [info] Added views:terminal in terminal
2023-02-24 01:14:08.947 [info] Added views:outline in workbench.view.explorer
2023-02-24 01:14:08.947 [info] Added views:workbench.scm in workbench.view.scm
2023-02-24 01:14:08.947 [info] Added views:workbench.view.search in workbench.view.search
2023-02-24 01:14:08.947 [info] Added views:timeline in workbench.view.explorer
2023-02-24 01:14:08.947 [info] Added views:workbench.explorer.emptyView in workbench.view.explorer
2023-02-24 01:14:10.104 [info] Added views:workbench.debug.welcome in workbench.view.debug
2023-02-24 01:14:25.736 [info] Added views:cph.judgeView in workbench.view.extension.cph-judge-view-container
2023-02-24 01:14:26.979 [info] Added views:vscode-edge-devtools-view.targets,vscode-edge-devtools-view.help-links in workbench.view.extension.vscode-edge-devtools-view
2023-02-24 01:14:26.995 [info] Added views:workbench.panel.repl.view in workbench.panel.repl
2023-02-24 01:14:51.587 [info] Added views:workbench.panel.markers.view in workbench.panel.markers
2023-02-24 01:14:51.587 [info] Added views:workbench.panel.output in workbench.panel.output
2023-02-24 01:14:51.587 [info] Added views:terminal in terminal
2023-02-24 01:14:51.587 [info] Added views:outline in workbench.view.explorer
2023-02-24 01:14:51.587 [info] Added views:workbench.scm in workbench.view.scm
2023-02-24 01:14:51.587 [info] Added views:workbench.view.search in workbench.view.search
2023-02-24 01:14:51.587 [info] Added views:timeline in workbench.view.explorer
2023-02-24 01:14:51.587 [info] Added views:workbench.explorer.fileView in workbench.view.explorer
2023-02-24 01:14:51.881 [info] Added views:workbench.debug.welcome in workbench.view.debug
2023-02-24 01:14:52.144 [info] Added views:cph.judgeView in workbench.view.extension.cph-judge-view-container
2023-02-24 01:14:52.145 [info] Added views:vscode-edge-devtools-view.targets,vscode-edge-devtools-view.help-links in workbench.view.extension.vscode-edge-devtools-view
2023-02-24 01:14:55.663 [info] Added views:workbench.panel.repl.view in workbench.panel.repl
