2023-02-24 01:14:08.578 [warning] Via 'product.json#extensionEnabledApiProposals' extension 'github.vscode-pull-request-github' wants API proposal 'commentsResolvedState' but that proposal DOES NOT EXIST. Likely, the proposal has been finalized (check 'vscode.d.ts') or was abandoned.
2023-02-24 01:14:19.202 [warning] [km.competitive-coding-helper]: Cannot register 'cph.general.saveLocation'. This property is already registered.
2023-02-24 01:14:19.534 [warning] [km.competitive-coding-helper]: Cannot register 'cph.general.timeOut'. This property is already registered.
2023-02-24 01:14:19.535 [warning] [km.competitive-coding-helper]: Cannot register 'cph.general.ignoreSTDERROR'. This property is already registered.
2023-02-24 01:14:19.535 [warning] [km.competitive-coding-helper]: Cannot register 'cph.language.c.Args'. This property is already registered.
2023-02-24 01:14:19.535 [warning] [km.competitive-coding-helper]: Cannot register 'cph.language.c.SubmissionCompiler'. This property is already registered.
2023-02-24 01:14:19.536 [warning] [km.competitive-coding-helper]: Cannot register 'cph.language.c.Command'. This property is already registered.
2023-02-24 01:14:19.536 [warning] [km.competitive-coding-helper]: Cannot register 'cph.language.cpp.Args'. This property is already registered.
2023-02-24 01:14:19.536 [warning] [km.competitive-coding-helper]: Cannot register 'cph.language.cpp.SubmissionCompiler'. This property is already registered.
2023-02-24 01:14:19.537 [warning] [km.competitive-coding-helper]: Cannot register 'cph.language.cpp.Command'. This property is already registered.
2023-02-24 01:14:19.537 [warning] [km.competitive-coding-helper]: Cannot register 'cph.language.python.Args'. This property is already registered.
2023-02-24 01:14:19.537 [warning] [km.competitive-coding-helper]: Cannot register 'cph.language.python.SubmissionCompiler'. This property is already registered.
2023-02-24 01:14:19.538 [warning] [km.competitive-coding-helper]: Cannot register 'cph.language.python.Command'. This property is already registered.
2023-02-24 01:14:19.538 [warning] [km.competitive-coding-helper]: Cannot register 'cph.language.rust.Args'. This property is already registered.
2023-02-24 01:14:19.538 [warning] [km.competitive-coding-helper]: Cannot register 'cph.language.rust.SubmissionCompiler'. This property is already registered.
2023-02-24 01:14:19.539 [warning] [km.competitive-coding-helper]: Cannot register 'cph.language.rust.Command'. This property is already registered.
2023-02-24 01:14:19.539 [warning] [km.competitive-coding-helper]: Cannot register 'cph.language.java.Args'. This property is already registered.
2023-02-24 01:14:19.539 [warning] [km.competitive-coding-helper]: Cannot register 'cph.language.java.SubmissionCompiler'. This property is already registered.
2023-02-24 01:14:19.539 [warning] [km.competitive-coding-helper]: Cannot register 'cph.language.java.Command'. This property is already registered.
2023-02-24 01:14:19.540 [warning] [km.competitive-coding-helper]: Cannot register 'cph.general.firstTime'. This property is already registered.
2023-02-24 01:14:19.540 [warning] [km.competitive-coding-helper]: Cannot register 'cph.general.defaultLanguage'. This property is already registered.
2023-02-24 01:14:19.540 [warning] [km.competitive-coding-helper]: Cannot register 'cph.general.menuChoices'. This property is already registered.
2023-02-24 01:14:19.540 [warning] [km.competitive-coding-helper]: Cannot register 'cph.general.useShortCodeForcesName'. This property is already registered.
2023-02-24 01:14:19.541 [warning] [km.competitive-coding-helper]: Cannot register 'cph.general.retainWebviewContext'. This property is already registered.
2023-02-24 01:14:19.541 [warning] [km.competitive-coding-helper]: Cannot register 'cph.general.defaultLanguageTemplateFileLocation'. This property is already registered.
2023-02-24 01:14:19.541 [warning] [km.competitive-coding-helper]: Cannot register 'cph.general.autoShowJudge'. This property is already registered.
2023-02-24 01:14:19.544 [info] [km.competitive-coding-helper]: Command `cph.runTestCases` appears multiple times in the `commands` section.
2023-02-24 01:14:19.545 [info] [km.competitive-coding-helper]: Command `cph.submitToCodeForces` appears multiple times in the `commands` section.
2023-02-24 01:14:19.545 [error] [sidthesloth.html5-boilerplate]: Unknown language in `contributes.html5-boilerplate.language`. Provided value: njk
2023-02-24 01:14:19.546 [error] [sidthesloth.html5-boilerplate]: Unknown language in `contributes.html5-boilerplate.language`. Provided value: django-html
2023-02-24 01:14:19.547 [error] [km.competitive-coding-helper]: Cannot register multiple views with same id `cph.judgeView`
2023-02-24 01:14:27.197 [info] [perf] Render performance baseline is 38ms
